0 silly argv {
0 silly argv   _: [ 'add' ],
0 silly argv   dev: true,
0 silly argv   D: true,
0 silly argv   scope: 'checklist-block',
0 silly argv   globs: [],
0 silly argv   lernaVersion: '4.0.0',
0 silly argv   '$0': '/Users/samcreasey/frontify/guideline-blocks/node_modules/.bin/lerna',
0 silly argv   pkg: '@frontify/guideline-blocks-settings'
0 silly argv }
1 notice cli v4.0.0
2 verbose rootPath /Users/samcreasey/frontify/guideline-blocks
3 error JSONError: Unexpected token "}" (0x7D) in JSON at position 621 while parsing near "...ript\": \"4.4.4\",\n    },\n    \"dependencies..." in packages/checklist-block/package.json
3 error
3 error [0m [90m 19 | [39m        [32m"tailwindcss"[39m[33m:[39m [32m"2.2.19"[39m[33m,[39m[0m
3 error [0m [90m 20 | [39m        [32m"typescript"[39m[33m:[39m [32m"4.4.4"[39m[33m,[39m[0m
3 error [0m[31m[1m>[22m[39m[90m 21 | [39m    }[33m,[39m[0m
3 error [0m [90m    | [39m    [31m[1m^[22m[39m[0m
3 error [0m [90m 22 | [39m    [32m"dependencies"[39m[33m:[39m {[0m
3 error [0m [90m 23 | [39m        [32m"@dnd-kit/core"[39m[33m:[39m [32m"4.0.2"[39m[33m,[39m[0m
3 error [0m [90m 24 | [39m        [32m"@dnd-kit/sortable"[39m[33m:[39m [32m"5.1.0"[39m[33m,[39m[0m
3 error
3 error     at parseJson (/Users/samcreasey/frontify/guideline-blocks/node_modules/parse-json/index.js:29:21)
3 error     at parse (/Users/samcreasey/frontify/guideline-blocks/node_modules/load-json-file/index.js:15:9)
3 error     at module.exports (/Users/samcreasey/frontify/guideline-blocks/node_modules/load-json-file/index.js:18:47)
